time="2022-10-19T11:34:49+08:00" level=warning msg="添加自定义字段翻译失败<nil>" func=gin-auth/pkg/util.customFieldName file="/Users/taopeng/Documents/workspaces/person/gin-auth/pkg/util/valid.go:70"
time="2022-10-19T11:34:49+08:00" level=info msg="log/Users/taopeng/Documents/workspaces/person/gin-auth/models/users/login.go:83Error 1146: Table 'user.user_user_login' doesn't exist" func="github.com/jinzhu/gorm.(*DB).print" file="/Users/taopeng/go/pkg/mod/github.com/jinzhu/gorm@v1.9.16/main.go:873"
time="2022-10-19T11:34:49+08:00" level=info msg="sql/Users/taopeng/Documents/workspaces/person/gin-auth/models/users/login.go:832.589992msSELECT id FROM `user_user_login`  WHERE (`user_user_login`.`login_name` = ?) ORDER BY `user_user_login`.`id` ASC LIMIT 1[admin] 0" func="github.com/jinzhu/gorm.(*DB).print" file="/Users/taopeng/go/pkg/mod/github.com/jinzhu/gorm@v1.9.16/main.go:873"
time="2022-10-19T11:34:49+08:00" level=error msg="Error 1146: Table 'user.user_user_login' doesn't exist" func=gin-auth/models/users.ExistUserLogin file="/Users/taopeng/Documents/workspaces/person/gin-auth/models/users/login.go:86"
time="2022-10-19T11:34:49+08:00" level=error msg="用户名不存在." func=gin-auth/pkg/app.MarkError file="/Users/taopeng/Documents/workspaces/person/gin-auth/pkg/app/request.go:9"
time="2022-10-19T11:34:56+08:00" level=info msg="log/Users/taopeng/Documents/workspaces/person/gin-auth/models/users/login.go:83Error 1146: Table 'user.user_user_login' doesn't exist" func="github.com/jinzhu/gorm.(*DB).print" file="/Users/taopeng/go/pkg/mod/github.com/jinzhu/gorm@v1.9.16/main.go:873"
time="2022-10-19T11:34:56+08:00" level=info msg="sql/Users/taopeng/Documents/workspaces/person/gin-auth/models/users/login.go:83538.872µsSELECT id FROM `user_user_login`  WHERE (`user_user_login`.`login_name` = ?) ORDER BY `user_user_login`.`id` ASC LIMIT 1[admin] 0" func="github.com/jinzhu/gorm.(*DB).print" file="/Users/taopeng/go/pkg/mod/github.com/jinzhu/gorm@v1.9.16/main.go:873"
time="2022-10-19T11:34:56+08:00" level=error msg="Error 1146: Table 'user.user_user_login' doesn't exist" func=gin-auth/models/users.ExistUserLogin file="/Users/taopeng/Documents/workspaces/person/gin-auth/models/users/login.go:86"
time="2022-10-19T11:34:56+08:00" level=error msg="用户名不存在." func=gin-auth/pkg/app.MarkError file="/Users/taopeng/Documents/workspaces/person/gin-auth/pkg/app/request.go:9"
time="2022-10-19T11:37:27+08:00" level=info msg="log/Users/taopeng/Documents/workspaces/person/gin-auth/models/users/login.go:83Error 1146: Table 'user.user_user_login' doesn't exist" func="github.com/jinzhu/gorm.(*DB).print" file="/Users/taopeng/go/pkg/mod/github.com/jinzhu/gorm@v1.9.16/main.go:873"
time="2022-10-19T11:37:27+08:00" level=info msg="sql/Users/taopeng/Documents/workspaces/person/gin-auth/models/users/login.go:839.188737msSELECT id FROM `user_user_login`  WHERE (`user_user_login`.`login_name` = ?) ORDER BY `user_user_login`.`id` ASC LIMIT 1[admin] 0" func="github.com/jinzhu/gorm.(*DB).print" file="/Users/taopeng/go/pkg/mod/github.com/jinzhu/gorm@v1.9.16/main.go:873"
time="2022-10-19T11:37:27+08:00" level=error msg="Error 1146: Table 'user.user_user_login' doesn't exist" func=gin-auth/models/users.ExistUserLogin file="/Users/taopeng/Documents/workspaces/person/gin-auth/models/users/login.go:86"
time="2022-10-19T11:37:27+08:00" level=error msg="用户名不存在." func=gin-auth/pkg/app.MarkError file="/Users/taopeng/Documents/workspaces/person/gin-auth/pkg/app/request.go:9"
time="2022-10-19T11:38:26+08:00" level=warning msg="添加自定义字段翻译失败<nil>" func=gin-auth/pkg/util.customFieldName file="/Users/taopeng/Documents/workspaces/person/gin-auth/pkg/util/valid.go:70"
time="2022-10-19T11:38:26+08:00" level=info msg="log/Users/taopeng/Documents/workspaces/person/gin-auth/models/users/login.go:83Error 1146: Table 'user.user_user_login' doesn't exist" func="github.com/jinzhu/gorm.(*DB).print" file="/Users/taopeng/go/pkg/mod/github.com/jinzhu/gorm@v1.9.16/main.go:873"
time="2022-10-19T11:38:26+08:00" level=info msg="sql/Users/taopeng/Documents/workspaces/person/gin-auth/models/users/login.go:83992.027µsSELECT id FROM `user_user_login`  WHERE (`user_user_login`.`login_name` = ?) ORDER BY `user_user_login`.`id` ASC LIMIT 1[admin] 0" func="github.com/jinzhu/gorm.(*DB).print" file="/Users/taopeng/go/pkg/mod/github.com/jinzhu/gorm@v1.9.16/main.go:873"
time="2022-10-19T11:38:26+08:00" level=error msg="Error 1146: Table 'user.user_user_login' doesn't exist" func=gin-auth/models/users.ExistUserLogin file="/Users/taopeng/Documents/workspaces/person/gin-auth/models/users/login.go:86"
time="2022-10-19T11:38:26+08:00" level=error msg="用户名不存在." func=gin-auth/pkg/app.MarkError file="/Users/taopeng/Documents/workspaces/person/gin-auth/pkg/app/request.go:9"
time="2022-10-19T11:38:31+08:00" level=info msg="log/Users/taopeng/Documents/workspaces/person/gin-auth/models/users/login.go:83Error 1146: Table 'user.user_user_login' doesn't exist" func="github.com/jinzhu/gorm.(*DB).print" file="/Users/taopeng/go/pkg/mod/github.com/jinzhu/gorm@v1.9.16/main.go:873"
time="2022-10-19T11:38:31+08:00" level=info msg="sql/Users/taopeng/Documents/workspaces/person/gin-auth/models/users/login.go:83465.598µsSELECT id FROM `user_user_login`  WHERE (`user_user_login`.`login_name` = ?) ORDER BY `user_user_login`.`id` ASC LIMIT 1[admin] 0" func="github.com/jinzhu/gorm.(*DB).print" file="/Users/taopeng/go/pkg/mod/github.com/jinzhu/gorm@v1.9.16/main.go:873"
time="2022-10-19T11:38:31+08:00" level=error msg="Error 1146: Table 'user.user_user_login' doesn't exist" func=gin-auth/models/users.ExistUserLogin file="/Users/taopeng/Documents/workspaces/person/gin-auth/models/users/login.go:86"
time="2022-10-19T11:38:31+08:00" level=error msg="用户名不存在." func=gin-auth/pkg/app.MarkError file="/Users/taopeng/Documents/workspaces/person/gin-auth/pkg/app/request.go:9"
time="2022-10-19T11:41:31+08:00" level=info msg="log/Users/taopeng/Documents/workspaces/person/gin-auth/models/users/login.go:83Error 1146: Table 'user.user_user_login' doesn't exist" func="github.com/jinzhu/gorm.(*DB).print" file="/Users/taopeng/go/pkg/mod/github.com/jinzhu/gorm@v1.9.16/main.go:873"
time="2022-10-19T11:41:31+08:00" level=info msg="sql/Users/taopeng/Documents/workspaces/person/gin-auth/models/users/login.go:833.092615msSELECT id FROM `user_user_login`  WHERE (`user_user_login`.`login_name` = ?) ORDER BY `user_user_login`.`id` ASC LIMIT 1[admin] 0" func="github.com/jinzhu/gorm.(*DB).print" file="/Users/taopeng/go/pkg/mod/github.com/jinzhu/gorm@v1.9.16/main.go:873"
time="2022-10-19T11:41:31+08:00" level=error msg="Error 1146: Table 'user.user_user_login' doesn't exist" func=gin-auth/models/users.ExistUserLogin file="/Users/taopeng/Documents/workspaces/person/gin-auth/models/users/login.go:86"
time="2022-10-19T11:41:31+08:00" level=error msg="用户名不存在." func=gin-auth/pkg/app.MarkError file="/Users/taopeng/Documents/workspaces/person/gin-auth/pkg/app/request.go:9"
time="2022-10-19T11:43:00+08:00" level=warning msg="添加自定义字段翻译失败<nil>" func=gin-auth/pkg/util.customFieldName file="/Users/taopeng/Documents/workspaces/person/gin-auth/pkg/util/valid.go:70"
time="2022-10-19T11:43:00+08:00" level=info msg="log/Users/taopeng/Documents/workspaces/person/gin-auth/models/users/login.go:83Error 1146: Table 'user.user_user_login' doesn't exist" func="github.com/jinzhu/gorm.(*DB).print" file="/Users/taopeng/go/pkg/mod/github.com/jinzhu/gorm@v1.9.16/main.go:873"
time="2022-10-19T11:43:00+08:00" level=info msg="sql/Users/taopeng/Documents/workspaces/person/gin-auth/models/users/login.go:831.18256msSELECT id FROM `user_user_login`  WHERE (`user_user_login`.`login_name` = ?) ORDER BY `user_user_login`.`id` ASC LIMIT 1[admin] 0" func="github.com/jinzhu/gorm.(*DB).print" file="/Users/taopeng/go/pkg/mod/github.com/jinzhu/gorm@v1.9.16/main.go:873"
time="2022-10-19T11:43:00+08:00" level=error msg="Error 1146: Table 'user.user_user_login' doesn't exist" func=gin-auth/models/users.ExistUserLogin file="/Users/taopeng/Documents/workspaces/person/gin-auth/models/users/login.go:86"
time="2022-10-19T11:43:00+08:00" level=error msg="用户名不存在." func=gin-auth/pkg/app.MarkError file="/Users/taopeng/Documents/workspaces/person/gin-auth/pkg/app/request.go:9"
time="2022-10-19T11:43:59+08:00" level=warning msg="添加自定义字段翻译失败<nil>" func=gin-auth/pkg/util.customFieldName file="/Users/taopeng/Documents/workspaces/person/gin-auth/pkg/util/valid.go:70"
time="2022-10-19T11:43:59+08:00" level=info msg="log/Users/taopeng/Documents/workspaces/person/gin-auth/models/users/user.go:31Error 1146: Table 'user.user_user' doesn't exist" func="github.com/jinzhu/gorm.(*DB).print" file="/Users/taopeng/go/pkg/mod/github.com/jinzhu/gorm@v1.9.16/main.go:873"
time="2022-10-19T11:43:59+08:00" level=info msg="sql/Users/taopeng/Documents/workspaces/person/gin-auth/models/users/user.go:3122.595184msINSERT INTO `user_user` (`created_at`,`updated_at`,`deleted_at`,`nickname`) VALUES (?,?,?,?)[2022-10-19 11:43:59.358677 +0800 CST m=+3.155862057 2022-10-19 11:43:59.358677 +0800 CST m=+3.155862057 <nil> ] 0" func="github.com/jinzhu/gorm.(*DB).print" file="/Users/taopeng/go/pkg/mod/github.com/jinzhu/gorm@v1.9.16/main.go:873"
time="2022-10-19T11:43:59+08:00" level=error msg="Error 1146: Table 'user.user_user' doesn't exist" func=gin-auth/models/users.addUser file="/Users/taopeng/Documents/workspaces/person/gin-auth/models/users/user.go:32"
time="2022-10-19T11:43:59+08:00" level=error msg="Error 1146: Table 'user.user_user' doesn't exist" func=gin-auth/models/users.AddUserLogin file="/Users/taopeng/Documents/workspaces/person/gin-auth/models/users/login.go:36"
time="2022-10-19T11:43:59+08:00" level=error msg="用户信息创建失败." func=gin-auth/pkg/app.MarkError file="/Users/taopeng/Documents/workspaces/person/gin-auth/pkg/app/request.go:9"
time="2022-10-19T11:49:17+08:00" level=warning msg="添加自定义字段翻译失败<nil>" func=gin-auth/pkg/util.customFieldName file="/Users/taopeng/Documents/workspaces/person/gin-auth/pkg/util/valid.go:70"
time="2022-10-19T11:49:17+08:00" level=info msg="log/Users/taopeng/Documents/workspaces/person/gin-auth/models/users/login.go:83Error 1146: Table 'user.user_user_login' doesn't exist" func="github.com/jinzhu/gorm.(*DB).print" file="/Users/taopeng/go/pkg/mod/github.com/jinzhu/gorm@v1.9.16/main.go:873"
time="2022-10-19T11:49:17+08:00" level=info msg="sql/Users/taopeng/Documents/workspaces/person/gin-auth/models/users/login.go:83967.805µsSELECT id FROM `user_user_login`  WHERE (`user_user_login`.`login_name` = ?) ORDER BY `user_user_login`.`id` ASC LIMIT 1[admin] 0" func="github.com/jinzhu/gorm.(*DB).print" file="/Users/taopeng/go/pkg/mod/github.com/jinzhu/gorm@v1.9.16/main.go:873"
time="2022-10-19T11:49:17+08:00" level=error msg="Error 1146: Table 'user.user_user_login' doesn't exist" func=gin-auth/models/users.ExistUserLogin file="/Users/taopeng/Documents/workspaces/person/gin-auth/models/users/login.go:86"
time="2022-10-19T11:49:17+08:00" level=error msg="用户名不存在." func=gin-auth/pkg/app.MarkError file="/Users/taopeng/Documents/workspaces/person/gin-auth/pkg/app/request.go:9"
